2026-05-17T11:03:38.620192Z	Cloning repository...
2026-05-17T11:03:39.560087Z	From https://github.com/hongyuncheng/worldcupdex
2026-05-17T11:03:39.56106Z	 * branch            a5eec4805a11f5aa031285611ec86f3de076c92f -> FETCH_HEAD
2026-05-17T11:03:39.561132Z	
2026-05-17T11:03:39.594453Z	HEAD is now at a5eec48 chore: add wrangler.toml for CF auto-deploy
2026-05-17T11:03:39.594764Z	
2026-05-17T11:03:39.634081Z	
2026-05-17T11:03:39.634377Z	Using v2 root directory strategy
2026-05-17T11:03:39.646812Z	Success: Finished cloning repository files
2026-05-17T11:03:40.994202Z	Checking for configuration in a Wrangler configuration file (BETA)
2026-05-17T11:03:40.995136Z	
2026-05-17T11:03:40.995357Z	Found wrangler.toml file. Reading build configuration...
2026-05-17T11:03:40.999463Z	pages_build_output_dir: .output/public
2026-05-17T11:03:40.999565Z	Build environment variables: (none found)
2026-05-17T11:03:42.083493Z	Successfully read the Wrangler configuration file.
2026-05-17T11:03:42.209408Z	Detected the following tools from environment: npm@10.9.2, nodejs@22.16.0
2026-05-17T11:03:42.209754Z	Installing project dependencies: npm clean-install --progress=false
2026-05-17T11:03:44.04505Z	npm warn EBADENGINE Unsupported engine {
2026-05-17T11:03:44.045303Z	npm warn EBADENGINE   package: '@babel/generator@8.0.0-rc.5',
2026-05-17T11:03:44.045355Z	npm warn EBADENGINE   required: { node: '^22.18.0 || >=24.11.0' },
2026-05-17T11:03:44.045405Z	npm warn EBADENGINE   current: { node: 'v22.16.0', npm: '10.9.2' }
2026-05-17T11:03:44.045444Z	npm warn EBADENGINE }
2026-05-17T11:03:44.045807Z	npm warn EBADENGINE Unsupported engine {
2026-05-17T11:03:44.045965Z	npm warn EBADENGINE   package: '@babel/helper-string-parser@8.0.0-rc.5',
2026-05-17T11:03:44.046061Z	npm warn EBADENGINE   required: { node: '^22.18.0 || >=24.11.0' },
2026-05-17T11:03:44.046148Z	npm warn EBADENGINE   current: { node: 'v22.16.0', npm: '10.9.2' }
2026-05-17T11:03:44.046251Z	npm warn EBADENGINE }
2026-05-17T11:03:44.046322Z	npm warn EBADENGINE Unsupported engine {
2026-05-17T11:03:44.046381Z	npm warn EBADENGINE   package: '@babel/helper-validator-identifier@8.0.0-rc.5',
2026-05-17T11:03:44.04642Z	npm warn EBADENGINE   required: { node: '^22.18.0 || >=24.11.0' },
2026-05-17T11:03:44.046453Z	npm warn EBADENGINE   current: { node: 'v22.16.0', npm: '10.9.2' }
2026-05-17T11:03:44.046495Z	npm warn EBADENGINE }
2026-05-17T11:03:44.046584Z	npm warn EBADENGINE Unsupported engine {
2026-05-17T11:03:44.046635Z	npm warn EBADENGINE   package: '@babel/parser@8.0.0-rc.5',
2026-05-17T11:03:44.046675Z	npm warn EBADENGINE   required: { node: '^22.18.0 || >=24.11.0' },
2026-05-17T11:03:44.046718Z	npm warn EBADENGINE   current: { node: 'v22.16.0', npm: '10.9.2' }
2026-05-17T11:03:44.046755Z	npm warn EBADENGINE }
2026-05-17T11:03:44.046801Z	npm warn EBADENGINE Unsupported engine {
2026-05-17T11:03:44.046831Z	npm warn EBADENGINE   package: '@babel/types@8.0.0-rc.5',
2026-05-17T11:03:44.046864Z	npm warn EBADENGINE   required: { node: '^22.18.0 || >=24.11.0' },
2026-05-17T11:03:44.046896Z	npm warn EBADENGINE   current: { node: 'v22.16.0', npm: '10.9.2' }
2026-05-17T11:03:44.046929Z	npm warn EBADENGINE }
2026-05-17T11:03:48.500155Z	npm warn deprecated unplugin-vue-router@0.19.2: Merged into vuejs/router. Migrate: https://router.vuejs.org/guide/migration/v4-to-v5.html
2026-05-17T11:04:10.785283Z	npm warn deprecated source-map@0.8.0-beta.0: The work that was done in this beta branch won't be included in future versions
2026-05-17T11:04:16.084992Z	
2026-05-17T11:04:16.085359Z	> postinstall
2026-05-17T11:04:16.085453Z	> nuxt prepare
2026-05-17T11:04:16.085528Z	
2026-05-17T11:04:18.252725Z	[info] Nuxt Icon server bundle mode is set to `remote`
2026-05-17T11:04:18.589016Z	│
2026-05-17T11:04:18.589249Z	◆  Types generated in .nuxt.
2026-05-17T11:04:18.758382Z	
2026-05-17T11:04:18.758683Z	added 1216 packages, and audited 1218 packages in 36s
2026-05-17T11:04:18.758777Z	
2026-05-17T11:04:18.758843Z	409 packages are looking for funding
2026-05-17T11:04:18.758903Z	  run `npm fund` for details
2026-05-17T11:04:18.766436Z	
2026-05-17T11:04:18.766549Z	3 vulnerabilities (2 moderate, 1 high)
2026-05-17T11:04:18.766594Z	
2026-05-17T11:04:18.766636Z	To address all issues, run:
2026-05-17T11:04:18.766666Z	  npm audit fix
2026-05-17T11:04:18.766702Z	
2026-05-17T11:04:18.766734Z	Run `npm audit` for details.
2026-05-17T11:04:18.83747Z	Executing user command: npm run build
2026-05-17T11:04:20.130795Z	
2026-05-17T11:04:20.131073Z	> build
2026-05-17T11:04:20.131139Z	> nuxt build
2026-05-17T11:04:20.131187Z	
2026-05-17T11:04:20.246474Z	┌  Building Nuxt for production...
2026-05-17T11:04:20.834181Z	│
2026-05-17T11:04:20.834492Z	●  Nuxt 3.21.5 (with Nitro 2.13.4, Vite 7.3.3 and Vue 3.5.34)
2026-05-17T11:04:21.222523Z	[info] [@nuxtjs/sitemap] No dynamic sources detected. Consider enabling `zeroRuntime` to reduce server bundle size. See https://nuxtseo.com/sitemap/guides/zero-runtime
2026-05-17T11:04:21.57225Z	[info] Nuxt Icon server bundle mode is set to `remote`
2026-05-17T11:04:21.715333Z	│
2026-05-17T11:04:21.71556Z	●  Nitro preset: cloudflare-pages
2026-05-17T11:04:22.435201Z	[info] Building client...
2026-05-17T11:04:22.450163Z	[info] [36mvite v7.3.3 [32mbuilding client environment for production...[36m[39m
2026-05-17T11:04:22.488439Z	[info] transforming...
2026-05-17T11:04:23.471655Z	/*! 🌼 daisyUI 5.5.19 */
2026-05-17T11:04:24.147847Z	[warn] [33m[vite:css][postcss] Lexical error on line 1: Unrecognized text.
2026-05-17T11:04:24.148277Z	
2026-05-17T11:04:24.148345Z	  Erroneous area:
2026-05-17T11:04:24.14838Z	1: mod(max(0, var(--value)), 1000)
2026-05-17T11:04:24.14842Z	^..........................^
2026-05-17T11:04:24.148449Z	1  |  /*! tailwindcss v4.3.0 | MIT License | https://tailwindcss.com */
2026-05-17T11:04:24.148478Z	2  |  ...flex}.countdown>*{visibility:hidden;--value-v:calc(mod(max(0, var(--value)), 1000));--value-hundreds:calc(round(to...
2026-05-17T11:04:24.148516Z	   |                                         ^^^^^^^^^^^^^^^^^^^^^^^^^^^^^^^^^^^^^^^^^^^^^^^^[39m
2026-05-17T11:04:24.148566Z	[warn] [33m[vite:css][postcss] Lexical error on line 1: Unrecognized text.
2026-05-17T11:04:24.148614Z	
2026-05-17T11:04:24.14865Z	  Erroneous area:
2026-05-17T11:04:24.149425Z	1: round(to-zero, mod(var(--value-v), 100) / 10, 1)
2026-05-17T11:04:24.149624Z	^..............................................^
2026-05-17T11:04:24.14972Z	1  |  /*! tailwindcss v4.3.0 | MIT License | https://tailwindcss.com */
2026-05-17T11:04:24.149792Z	2  |  ...var(--value-v) / 100, 1));--value-tens:calc(round(to-zero, mod(var(--value-v), 100) / 10, 1));--value-ones:calc(mo...
2026-05-17T11:04:24.149844Z	   |                               ^^^^^^^^^^^^^^^^^^^^^^^^^^^^^^^^^^^^^^^^^^^^^^^^^^^^^^^^^^^^^^^^^^^^[39m
2026-05-17T11:04:25.372244Z	[info] [32m✓[39m 309 modules transformed.
2026-05-17T11:04:25.377175Z	│
2026-05-17T11:04:25.377341Z	■  Nuxt build error: Error: [31m[vite:load-fallback] Could not load /opt/buildhome/repo//data/team-colors (imported by composables/useFanCard.ts): ENOENT: no such file or directory, open '/opt/buildhome/repo//data/team-colors'[39m
2026-05-17T11:04:25.377467Z	[error] [31m✗[39m Build failed in 2.92s
2026-05-17T11:04:25.546995Z	Failed: Error while executing user command. Exited with error code: 1
2026-05-17T11:04:25.559069Z	Failed: build command exited with code: 1
2026-05-17T11:04:26.204265Z	Failed: error occurred while running build command