2026-05-17T11:26:44.60499Z	Cloning repository...
2026-05-17T11:26:45.73164Z	From https://github.com/hongyuncheng/worldcupdex
2026-05-17T11:26:45.732069Z	 * branch            0324f2e108677528eb6320c369a893c425fac6c1 -> FETCH_HEAD
2026-05-17T11:26:45.732183Z	
2026-05-17T11:26:45.768262Z	HEAD is now at 0324f2e chore: trigger rebuild with nodejs_compat flag
2026-05-17T11:26:45.76862Z	
2026-05-17T11:26:45.835002Z	
2026-05-17T11:26:45.835423Z	Using v2 root directory strategy
2026-05-17T11:26:45.849981Z	Success: Finished cloning repository files
2026-05-17T11:26:47.469172Z	Checking for configuration in a Wrangler configuration file (BETA)
2026-05-17T11:26:47.469696Z	
2026-05-17T11:26:47.470075Z	Found wrangler.toml file. Reading build configuration...
2026-05-17T11:26:47.476108Z	pages_build_output_dir: dist
2026-05-17T11:26:47.476455Z	Build environment variables: (none found)
2026-05-17T11:26:48.582154Z	Successfully read the Wrangler configuration file.
2026-05-17T11:26:48.833052Z	Detected the following tools from environment: npm@10.9.2, nodejs@22.16.0
2026-05-17T11:26:48.833562Z	Installing project dependencies: npm clean-install --progress=false
2026-05-17T11:26:50.818723Z	npm warn EBADENGINE Unsupported engine {
2026-05-17T11:26:50.819066Z	npm warn EBADENGINE   package: '@babel/generator@8.0.0-rc.5',
2026-05-17T11:26:50.819146Z	npm warn EBADENGINE   required: { node: '^22.18.0 || >=24.11.0' },
2026-05-17T11:26:50.819513Z	npm warn EBADENGINE   current: { node: 'v22.16.0', npm: '10.9.2' }
2026-05-17T11:26:50.819621Z	npm warn EBADENGINE }
2026-05-17T11:26:50.819778Z	npm warn EBADENGINE Unsupported engine {
2026-05-17T11:26:50.81991Z	npm warn EBADENGINE   package: '@babel/helper-string-parser@8.0.0-rc.5',
2026-05-17T11:26:50.820009Z	npm warn EBADENGINE   required: { node: '^22.18.0 || >=24.11.0' },
2026-05-17T11:26:50.820095Z	npm warn EBADENGINE   current: { node: 'v22.16.0', npm: '10.9.2' }
2026-05-17T11:26:50.820183Z	npm warn EBADENGINE }
2026-05-17T11:26:50.820247Z	npm warn EBADENGINE Unsupported engine {
2026-05-17T11:26:50.820336Z	npm warn EBADENGINE   package: '@babel/helper-validator-identifier@8.0.0-rc.5',
2026-05-17T11:26:50.820399Z	npm warn EBADENGINE   required: { node: '^22.18.0 || >=24.11.0' },
2026-05-17T11:26:50.820456Z	npm warn EBADENGINE   current: { node: 'v22.16.0', npm: '10.9.2' }
2026-05-17T11:26:50.820528Z	npm warn EBADENGINE }
2026-05-17T11:26:50.820591Z	npm warn EBADENGINE Unsupported engine {
2026-05-17T11:26:50.820628Z	npm warn EBADENGINE   package: '@babel/parser@8.0.0-rc.5',
2026-05-17T11:26:50.820672Z	npm warn EBADENGINE   required: { node: '^22.18.0 || >=24.11.0' },
2026-05-17T11:26:50.820731Z	npm warn EBADENGINE   current: { node: 'v22.16.0', npm: '10.9.2' }
2026-05-17T11:26:50.820826Z	npm warn EBADENGINE }
2026-05-17T11:26:50.820886Z	npm warn EBADENGINE Unsupported engine {
2026-05-17T11:26:50.820935Z	npm warn EBADENGINE   package: '@babel/types@8.0.0-rc.5',
2026-05-17T11:26:50.820972Z	npm warn EBADENGINE   required: { node: '^22.18.0 || >=24.11.0' },
2026-05-17T11:26:50.821005Z	npm warn EBADENGINE   current: { node: 'v22.16.0', npm: '10.9.2' }
2026-05-17T11:26:50.821073Z	npm warn EBADENGINE }
2026-05-17T11:26:54.791288Z	npm warn deprecated unplugin-vue-router@0.19.2: Merged into vuejs/router. Migrate: https://router.vuejs.org/guide/migration/v4-to-v5.html
2026-05-17T11:27:18.372228Z	npm warn deprecated source-map@0.8.0-beta.0: The work that was done in this beta branch won't be included in future versions
2026-05-17T11:27:23.762472Z	
2026-05-17T11:27:23.762723Z	> postinstall
2026-05-17T11:27:23.762775Z	> nuxt prepare
2026-05-17T11:27:23.762817Z	
2026-05-17T11:27:27.350829Z	[info] Nuxt Icon server bundle mode is set to `remote`
2026-05-17T11:27:27.843367Z	│
2026-05-17T11:27:27.843628Z	◆  Types generated in .nuxt.
2026-05-17T11:27:28.010208Z	
2026-05-17T11:27:28.010539Z	added 1216 packages, and audited 1218 packages in 39s
2026-05-17T11:27:28.01064Z	
2026-05-17T11:27:28.010761Z	409 packages are looking for funding
2026-05-17T11:27:28.010827Z	  run `npm fund` for details
2026-05-17T11:27:28.019815Z	
2026-05-17T11:27:28.020569Z	3 vulnerabilities (2 moderate, 1 high)
2026-05-17T11:27:28.020674Z	
2026-05-17T11:27:28.020749Z	To address all issues, run:
2026-05-17T11:27:28.020809Z	  npm audit fix
2026-05-17T11:27:28.020846Z	
2026-05-17T11:27:28.020887Z	Run `npm audit` for details.
2026-05-17T11:27:28.101955Z	Executing user command: npm run build
2026-05-17T11:27:28.390074Z	
2026-05-17T11:27:28.390319Z	> build
2026-05-17T11:27:28.390364Z	> nuxt build
2026-05-17T11:27:28.390398Z	
2026-05-17T11:27:28.522271Z	┌  Building Nuxt for production...
2026-05-17T11:27:29.138284Z	│
2026-05-17T11:27:29.138525Z	●  Nuxt 3.21.5 (with Nitro 2.13.4, Vite 7.3.3 and Vue 3.5.34)
2026-05-17T11:27:29.594321Z	[info] [@nuxtjs/sitemap] No dynamic sources detected. Consider enabling `zeroRuntime` to reduce server bundle size. See https://nuxtseo.com/sitemap/guides/zero-runtime
2026-05-17T11:27:30.029412Z	[info] Nuxt Icon server bundle mode is set to `remote`
2026-05-17T11:27:30.215065Z	│
2026-05-17T11:27:30.215726Z	●  Nitro preset: cloudflare-pages
2026-05-17T11:27:31.116553Z	[info] Building client...
2026-05-17T11:27:31.135134Z	[info] [36mvite v7.3.3 [32mbuilding client environment for production...[36m[39m
2026-05-17T11:27:31.179022Z	[info] transforming...
2026-05-17T11:27:32.254673Z	/*! 🌼 daisyUI 5.5.19 */
2026-05-17T11:27:32.970718Z	[warn] [33m[vite:css][postcss] Lexical error on line 1: Unrecognized text.
2026-05-17T11:27:32.971331Z	
2026-05-17T11:27:32.971483Z	  Erroneous area:
2026-05-17T11:27:32.971557Z	1: mod(max(0, var(--value)), 1000)
2026-05-17T11:27:32.971951Z	^..........................^
2026-05-17T11:27:32.972015Z	1  |  /*! tailwindcss v4.3.0 | MIT License | https://tailwindcss.com */
2026-05-17T11:27:32.972072Z	2  |  ...flex}.countdown>*{visibility:hidden;--value-v:calc(mod(max(0, var(--value)), 1000));--value-hundreds:calc(round(to...
2026-05-17T11:27:32.97212Z	   |                                         ^^^^^^^^^^^^^^^^^^^^^^^^^^^^^^^^^^^^^^^^^^^^^^^^[39m
2026-05-17T11:27:32.972166Z	[warn] [33m[vite:css][postcss] Lexical error on line 1: Unrecognized text.
2026-05-17T11:27:32.972213Z	
2026-05-17T11:27:32.972257Z	  Erroneous area:
2026-05-17T11:27:32.972315Z	1: round(to-zero, mod(var(--value-v), 100) / 10, 1)
2026-05-17T11:27:32.972354Z	^..............................................^
2026-05-17T11:27:32.97239Z	1  |  /*! tailwindcss v4.3.0 | MIT License | https://tailwindcss.com */
2026-05-17T11:27:32.972424Z	2  |  ...var(--value-v) / 100, 1));--value-tens:calc(round(to-zero, mod(var(--value-v), 100) / 10, 1));--value-ones:calc(mo...
2026-05-17T11:27:32.972463Z	   |                               ^^^^^^^^^^^^^^^^^^^^^^^^^^^^^^^^^^^^^^^^^^^^^^^^^^^^^^^^^^^^^^^^^^^^[39m
2026-05-17T11:27:36.043604Z	[info] [32m✓[39m 313 modules transformed.
2026-05-17T11:27:36.308287Z	[info] rendering chunks...
2026-05-17T11:27:36.477025Z	[info] computing gzip size...
2026-05-17T11:27:36.520571Z	[info] [2m.nuxt/dist/client/[22m[32mmanifest.json                    [39m[1m[2m 10.15 kB[22m[1m[22m[2m │ gzip:   1.39 kB[22m
2026-05-17T11:27:36.520849Z	[info] [2m.nuxt/dist/client/[22m[2m_nuxt/[22m[35mdefault.Bp7qay-I.css       [39m[1m[2m  0.28 kB[22m[1m[22m[2m │ gzip:   0.20 kB[22m
2026-05-17T11:27:36.52092Z	[info] [2m.nuxt/dist/client/[22m[2m_nuxt/[22m[35mShareButtons.D0jyRBKb.css  [39m[1m[2m  0.49 kB[22m[1m[22m[2m │ gzip:   0.28 kB[22m
2026-05-17T11:27:36.520959Z	[info] [2m.nuxt/dist/client/[22m[2m_nuxt/[22m[35m_id_.DhaJAJZ5.css          [39m[1m[2m  1.00 kB[22m[1m[22m[2m │ gzip:   0.31 kB[22m
2026-05-17T11:27:36.520993Z	[info] [2m.nuxt/dist/client/[22m[2m_nuxt/[22m[35mindex.QCcjBFdZ.css         [39m[1m[2m  1.42 kB[22m[1m[22m[2m │ gzip:   0.49 kB[22m
2026-05-17T11:27:36.521039Z	[info] [2m.nuxt/dist/client/[22m[2m_nuxt/[22m[35merror-500.I1Dtv2V5.css     [39m[1m[2m  1.88 kB[22m[1m[22m[2m │ gzip:   0.72 kB[22m
2026-05-17T11:27:36.521079Z	[info] [2m.nuxt/dist/client/[22m[2m_nuxt/[22m[35mindex.B7JVcENu.css         [39m[1m[2m  1.97 kB[22m[1m[22m[2m │ gzip:   0.69 kB[22m
2026-05-17T11:27:36.521111Z	[info] [2m.nuxt/dist/client/[22m[2m_nuxt/[22m[35m_id_.BYrWdYdl.css          [39m[1m[2m  2.09 kB[22m[1m[22m[2m │ gzip:   0.64 kB[22m
2026-05-17T11:27:36.521145Z	[info] [2m.nuxt/dist/client/[22m[2m_nuxt/[22m[35mresult.BjO8gPtY.css        [39m[1m[2m  3.05 kB[22m[1m[22m[2m │ gzip:   0.94 kB[22m
2026-05-17T11:27:36.521197Z	[info] [2m.nuxt/dist/client/[22m[2m_nuxt/[22m[35merror-404.DL_4WIao.css     [39m[1m[2m  3.53 kB[22m[1m[22m[2m │ gzip:   1.09 kB[22m
2026-05-17T11:27:36.521232Z	[info] [2m.nuxt/dist/client/[22m[2m_nuxt/[22m[35mplay.R-bqpbJk.css          [39m[1m[2m  3.53 kB[22m[1m[22m[2m │ gzip:   1.07 kB[22m
2026-05-17T11:27:36.521264Z	[info] [2m.nuxt/dist/client/[22m[2m_nuxt/[22m[35mindex.DKfIMdY5.css         [39m[1m[2m  7.44 kB[22m[1m[22m[2m │ gzip:   1.68 kB[22m
2026-05-17T11:27:36.521453Z	[info] [2m.nuxt/dist/client/[22m[2m_nuxt/[22m[35mindex.vyFhe9b1.css         [39m[1m[2m  7.70 kB[22m[1m[22m[2m │ gzip:   1.70 kB[22m
2026-05-17T11:27:36.521621Z	[info] [2m.nuxt/dist/client/[22m[2m_nuxt/[22m[36mVnA5gD_l.js                [39m[1m[2m  0.06 kB[22m[1m[22m[2m │ gzip:   0.08 kB[22m
2026-05-17T11:27:36.521674Z	[info] [2m.nuxt/dist/client/[22m[2m_nuxt/[22m[36mC5dgus0D.js                [39m[1m[2m  0.21 kB[22m[1m[22m[2m │ gzip:   0.19 kB[22m
2026-05-17T11:27:36.52171Z	[info] [2m.nuxt/dist/client/[22m[2m_nuxt/[22m[36mD5HPCCAO.js                [39m[1m[2m  0.57 kB[22m[1m[22m[2m │ gzip:   0.38 kB[22m
2026-05-17T11:27:36.521757Z	[info] [2m.nuxt/dist/client/[22m[2m_nuxt/[22m[36mC2LSnoHI.js                [39m[1m[2m  0.66 kB[22m[1m[22m[2m │ gzip:   0.40 kB[22m
2026-05-17T11:27:36.52181Z	[info] [2m.nuxt/dist/client/[22m[2m_nuxt/[22m[36mCQhzAMqt.js                [39m[1m[2m  0.71 kB[22m[1m[22m[2m │ gzip:   0.36 kB[22m
2026-05-17T11:27:36.521868Z	[info] [2m.nuxt/dist/client/[22m[2m_nuxt/[22m[36mDxf3Hdll.js                [39m[1m[2m  1.36 kB[22m[1m[22m[2m │ gzip:   0.76 kB[22m
2026-05-17T11:27:36.521906Z	[info] [2m.nuxt/dist/client/[22m[2m_nuxt/[22m[36mnzgmpO21.js                [39m[1m[2m  3.15 kB[22m[1m[22m[2m │ gzip:   1.39 kB[22m
2026-05-17T11:27:36.521954Z	[info] [2m.nuxt/dist/client/[22m[2m_nuxt/[22m[36mC01ocJrt.js                [39m[1m[2m  3.37 kB[22m[1m[22m[2m │ gzip:   1.52 kB[22m
2026-05-17T11:27:36.521998Z	[info] [2m.nuxt/dist/client/[22m[2m_nuxt/[22m[36mC2FZfIQ7.js                [39m[1m[2m  3.74 kB[22m[1m[22m[2m │ gzip:   1.70 kB[22m
2026-05-17T11:27:36.52203Z	[info] [2m.nuxt/dist/client/[22m[2m_nuxt/[22m[36mDT7G4OcQ.js                [39m[1m[2m  3.83 kB[22m[1m[22m[2m │ gzip:   1.76 kB[22m
2026-05-17T11:27:36.522061Z	[info] [2m.nuxt/dist/client/[22m[2m_nuxt/[22m[36mBknobD1z.js                [39m[1m[2m  4.07 kB[22m[1m[22m[2m │ gzip:   1.66 kB[22m
2026-05-17T11:27:36.522805Z	[info] [2m.nuxt/dist/client/[22m[2m_nuxt/[22m[36mBFwZxFMQ.js                [39m[1m[2m  5.19 kB[22m[1m[22m[2m │ gzip:   1.63 kB[22m
2026-05-17T11:27:36.523321Z	[info] [2m.nuxt/dist/client/[22m[2m_nuxt/[22m[36mD-OSnYd2.js                [39m[1m[2m  5.35 kB[22m[1m[22m[2m │ gzip:   2.11 kB[22m
2026-05-17T11:27:36.523539Z	[info] [2m.nuxt/dist/client/[22m[2m_nuxt/[22m[36mBBnX5xw4.js                [39m[1m[2m  5.75 kB[22m[1m[22m[2m │ gzip:   2.36 kB[22m
2026-05-17T11:27:36.523625Z	[info] [2m.nuxt/dist/client/[22m[2m_nuxt/[22m[36mCdUMB92w.js                [39m[1m[2m  6.93 kB[22m[1m[22m[2m │ gzip:   2.38 kB[22m
2026-05-17T11:27:36.523711Z	[info] [2m.nuxt/dist/client/[22m[2m_nuxt/[22m[36mRzwSVMvV.js                [39m[1m[2m  7.71 kB[22m[1m[22m[2m │ gzip:   3.33 kB[22m
2026-05-17T11:27:36.524433Z	[info] [2m.nuxt/dist/client/[22m[2m_nuxt/[22m[36mpWfu63dR.js                [39m[1m[2m  7.75 kB[22m[1m[22m[2m │ gzip:   3.10 kB[22m
2026-05-17T11:27:36.524744Z	[info] [2m.nuxt/dist/client/[22m[2m_nuxt/[22m[36mBf5NjAK7.js                [39m[1m[2m  8.29 kB[22m[1m[22m[2m │ gzip:   2.28 kB[22m
2026-05-17T11:27:36.525066Z	[info] [2m.nuxt/dist/client/[22m[2m_nuxt/[22m[36mDY_D97QO.js                [39m[1m[2m  8.85 kB[22m[1m[22m[2m │ gzip:   3.15 kB[22m
2026-05-17T11:27:36.525282Z	[info] [2m.nuxt/dist/client/[22m[2m_nuxt/[22m[36mBOFHfrcV.js                [39m[1m[2m 11.37 kB[22m[1m[22m[2m │ gzip:   4.25 kB[22m
2026-05-17T11:27:36.525519Z	[info] [2m.nuxt/dist/client/[22m[2m_nuxt/[22m[36mq2TXkU5K.js                [39m[1m[2m 11.39 kB[22m[1m[22m[2m │ gzip:   3.65 kB[22m
2026-05-17T11:27:36.525709Z	[info] [2m.nuxt/dist/client/[22m[2m_nuxt/[22m[36mCZ480bIw.js                [39m[1m[2m 12.23 kB[22m[1m[22m[2m │ gzip:   5.21 kB[22m
2026-05-17T11:27:36.525884Z	[info] [2m.nuxt/dist/client/[22m[2m_nuxt/[22m[36mBy2whkXD.js                [39m[1m[2m 13.27 kB[22m[1m[22m[2m │ gzip:   4.00 kB[22m
2026-05-17T11:27:36.526268Z	[info] [2m.nuxt/dist/client/[22m[2m_nuxt/[22m[36mCM71Igy0.js                [39m[1m[2m 13.34 kB[22m[1m[22m[2m │ gzip:   4.62 kB[22m
2026-05-17T11:27:36.526398Z	[info] [2m.nuxt/dist/client/[22m[2m_nuxt/[22m[36mBEptyMy5.js                [39m[1m[2m 14.29 kB[22m[1m[22m[2m │ gzip:   4.49 kB[22m
2026-05-17T11:27:36.526671Z	[info] [2m.nuxt/dist/client/[22m[2m_nuxt/[22m[36mCD1PsVDe.js                [39m[1m[2m 14.42 kB[22m[1m[22m[2m │ gzip:   4.87 kB[22m
2026-05-17T11:27:36.526793Z	[info] [2m.nuxt/dist/client/[22m[2m_nuxt/[22m[36mNRonAzOJ.js                [39m[1m[2m 15.35 kB[22m[1m[22m[2m │ gzip:   3.58 kB[22m
2026-05-17T11:27:36.527072Z	[info] [2m.nuxt/dist/client/[22m[2m_nuxt/[22m[36mDSNM7imx.js                [39m[1m[2m 17.65 kB[22m[1m[22m[2m │ gzip:   4.88 kB[22m
2026-05-17T11:27:36.527345Z	[info] [2m.nuxt/dist/client/[22m[2m_nuxt/[22m[36mBiiddN4s.js                [39m[1m[2m 24.15 kB[22m[1m[22m[2m │ gzip:   6.25 kB[22m
2026-05-17T11:27:36.527553Z	[info] [2m.nuxt/dist/client/[22m[2m_nuxt/[22m[36mB-kRhduD.js                [39m[1m[2m 24.20 kB[22m[1m[22m[2m │ gzip:   5.36 kB[22m
2026-05-17T11:27:36.527692Z	[info] [2m.nuxt/dist/client/[22m[2m_nuxt/[22m[36mDQ49iYl-.js                [39m[1m[2m 30.95 kB[22m[1m[22m[2m │ gzip:   8.92 kB[22m
2026-05-17T11:27:36.527917Z	[info] [2m.nuxt/dist/client/[22m[2m_nuxt/[22m[36mBFE-rsXj.js                [39m[1m[2m229.78 kB[22m[1m[22m[2m │ gzip:  57.27 kB[22m
2026-05-17T11:27:36.527983Z	[info] [2m.nuxt/dist/client/[22m[2m_nuxt/[22m[36mLiIWScmb.js                [39m[1m[2m292.38 kB[22m[1m[22m[2m │ gzip: 106.05 kB[22m
2026-05-17T11:27:36.528018Z	[info] [32m✓ built in 5.39s[39m
2026-05-17T11:27:36.528049Z	[success] Client built in 5406ms
2026-05-17T11:27:36.528081Z	[info] Building server...
2026-05-17T11:27:36.533661Z	[info] [36mvite v7.3.3 [32mbuilding ssr environment for production...[36m[39m
2026-05-17T11:27:36.543216Z	[info] transforming...
2026-05-17T11:27:36.977755Z	[warn] [33m[vite:css][postcss] Lexical error on line 1: Unrecognized text.
2026-05-17T11:27:36.978073Z	
2026-05-17T11:27:36.978141Z	  Erroneous area:
2026-05-17T11:27:36.978255Z	1: mod(max(0, var(--value)), 1000)
2026-05-17T11:27:36.978295Z	^..........................^
2026-05-17T11:27:36.978324Z	1  |  /*! tailwindcss v4.3.0 | MIT License | https://tailwindcss.com */
2026-05-17T11:27:36.978351Z	2  |  ...flex}.countdown>*{visibility:hidden;--value-v:calc(mod(max(0, var(--value)), 1000));--value-hundreds:calc(round(to...
2026-05-17T11:27:36.978377Z	   |                                         ^^^^^^^^^^^^^^^^^^^^^^^^^^^^^^^^^^^^^^^^^^^^^^^^[39m
2026-05-17T11:27:36.979229Z	[warn] [33m[vite:css][postcss] Lexical error on line 1: Unrecognized text.
2026-05-17T11:27:36.979358Z	
2026-05-17T11:27:36.9794Z	  Erroneous area:
2026-05-17T11:27:36.979434Z	1: round(to-zero, mod(var(--value-v), 100) / 10, 1)
2026-05-17T11:27:36.979482Z	^..............................................^
2026-05-17T11:27:36.979516Z	1  |  /*! tailwindcss v4.3.0 | MIT License | https://tailwindcss.com */
2026-05-17T11:27:36.979546Z	2  |  ...var(--value-v) / 100, 1));--value-tens:calc(round(to-zero, mod(var(--value-v), 100) / 10, 1));--value-ones:calc(mo...
2026-05-17T11:27:36.979578Z	   |                               ^^^^^^^^^^^^^^^^^^^^^^^^^^^^^^^^^^^^^^^^^^^^^^^^^^^^^^^^^^^^^^^^^^^^[39m
2026-05-17T11:27:37.58502Z	[warn] [33m[vite:css][postcss] Lexical error on line 1: Unrecognized text.
2026-05-17T11:27:37.586026Z	
2026-05-17T11:27:37.586402Z	  Erroneous area:
2026-05-17T11:27:37.586656Z	1: mod(max(0, var(--value)), 1000)
2026-05-17T11:27:37.586846Z	^..........................^
2026-05-17T11:27:37.586932Z	1  |  /*! tailwindcss v4.3.0 | MIT License | https://tailwindcss.com */
2026-05-17T11:27:37.587044Z	2  |  ...flex}.countdown>*{visibility:hidden;--value-v:calc(mod(max(0, var(--value)), 1000));--value-hundreds:calc(round(to...
2026-05-17T11:27:37.587839Z	   |                                         ^^^^^^^^^^^^^^^^^^^^^^^^^^^^^^^^^^^^^^^^^^^^^^^^[39m
2026-05-17T11:27:37.588017Z	[warn] [33m[vite:css][postcss] Lexical error on line 1: Unrecognized text.
2026-05-17T11:27:37.588426Z	
2026-05-17T11:27:37.592332Z	  Erroneous area:
2026-05-17T11:27:37.593123Z	1: round(to-zero, mod(var(--value-v), 100) / 10, 1)
2026-05-17T11:27:37.593202Z	^..............................................^
2026-05-17T11:27:37.594084Z	1  |  /*! tailwindcss v4.3.0 | MIT License | https://tailwindcss.com */
2026-05-17T11:27:37.594351Z	2  |  ...var(--value-v) / 100, 1));--value-tens:calc(round(to-zero, mod(var(--value-v), 100) / 10, 1));--value-ones:calc(mo...
2026-05-17T11:27:37.594894Z	   |                               ^^^^^^^^^^^^^^^^^^^^^^^^^^^^^^^^^^^^^^^^^^^^^^^^^^^^^^^^^^^^^^^^^^^^[39m
2026-05-17T11:27:39.417152Z	[info] [32m✓[39m 236 modules transformed.
2026-05-17T11:27:39.530314Z	[info] rendering chunks...
2026-05-17T11:27:39.621076Z	[info] [32m✓ built in 3.08s[39m
2026-05-17T11:27:39.63287Z	[success] Server built in 3107ms
2026-05-17T11:27:40.538518Z	[success] [nitro] Generated public dist
2026-05-17T11:27:42.254708Z	
2026-05-17T11:27:42.255282Z	PWA v1.3.0
2026-05-17T11:27:42.255398Z	mode      generateSW
2026-05-17T11:27:42.255456Z	precache  3 entries (0.16 KiB)
2026-05-17T11:27:42.255544Z	files generated
2026-05-17T11:27:42.255593Z	  dist/sw.js
2026-05-17T11:27:42.255624Z	  dist/workbox-2fbc6a65.js
2026-05-17T11:27:42.314004Z	[info] [nitro] Building Nuxt Nitro server (preset: `cloudflare-pages`, compatibility date: `2025-05-16`)
2026-05-17T11:27:55.890207Z	[success] [nitro] Nuxt Nitro server built
2026-05-17T11:27:55.947109Z	  ├─ dist/_worker.js/chunks/_/error-500.mjs (4.72 kB) (2.01 kB gzip)
2026-05-17T11:27:55.947989Z	  ├─ dist/_worker.js/chunks/_/html2canvas-pro.esm.mjs (247 kB) (58.1 kB gzip)
2026-05-17T11:27:55.948097Z	  ├─ dist/_worker.js/chunks/build/_id_-I3y4NqRK.mjs (17.2 kB) (4.35 kB gzip)
2026-05-17T11:27:55.948158Z	  ├─ dist/_worker.js/chunks/build/_id_-NOeU1lc2.mjs (17.2 kB) (2.97 kB gzip)
2026-05-17T11:27:55.948221Z	  ├─ dist/_worker.js/chunks/build/_id_-styles.CNOqTNEQ.mjs (1.03 kB) (330 B gzip)
2026-05-17T11:27:55.948289Z	  ├─ dist/_worker.js/chunks/build/_id_-styles.D27fxhFd.mjs (2.12 kB) (666 B gzip)
2026-05-17T11:27:55.948345Z	  ├─ dist/_worker.js/chunks/build/asyncData-cq033ak6.mjs (7.33 kB) (2.55 kB gzip)
2026-05-17T11:27:55.948528Z	  ├─ dist/_worker.js/chunks/build/client.precomputed.mjs (18.5 kB) (2.13 kB gzip)
2026-05-17T11:27:55.948745Z	  ├─ dist/_worker.js/chunks/build/default-qDmGsr3A.mjs (7.74 kB) (2.41 kB gzip)
2026-05-17T11:27:55.948861Z	  ├─ dist/_worker.js/chunks/build/default-styles.rOM7Mgtn.mjs (309 B) (223 B gzip)
2026-05-17T11:27:55.948901Z	  ├─ dist/_worker.js/chunks/build/en-Dfnwdwda.mjs (24.2 kB) (5.32 kB gzip)
2026-05-17T11:27:55.948934Z	  ├─ dist/_worker.js/chunks/build/entry-styles.Ti1UMxI8.mjs (74 kB) (14.1 kB gzip)
2026-05-17T11:27:55.948995Z	  ├─ dist/_worker.js/chunks/build/error-404-BfdNPn2-.mjs (4.19 kB) (1.88 kB gzip)
2026-05-17T11:27:55.949074Z	  ├─ dist/_worker.js/chunks/build/error-404-styles.CiJjK6WX.mjs (3.57 kB) (1.11 kB gzip)
2026-05-17T11:27:55.949109Z	  ├─ dist/_worker.js/chunks/build/error-500-Bm6q_0Xo.mjs (3.73 kB) (1.67 kB gzip)
2026-05-17T11:27:55.949137Z	  ├─ dist/_worker.js/chunks/build/error-500-styles.ulHNpcF1.mjs (1.92 kB) (749 B gzip)
2026-05-17T11:27:55.949208Z	  ├─ dist/_worker.js/chunks/build/es-CfYGT3Pz.mjs (8.29 kB) (2.26 kB gzip)
2026-05-17T11:27:55.949263Z	  ├─ dist/_worker.js/chunks/build/fetch-Cgb4Oeqz.mjs (2.02 kB) (981 B gzip)
2026-05-17T11:27:55.949301Z	  ├─ dist/_worker.js/chunks/build/index-B5CJFW1L.mjs (14.1 kB) (3.7 kB gzip)
2026-05-17T11:27:55.949363Z	  ├─ dist/_worker.js/chunks/build/index-BDNNjuHq.mjs (19.8 kB) (4.36 kB gzip)
2026-05-17T11:27:55.949393Z	  ├─ dist/_worker.js/chunks/build/index-BDTG4-w_.mjs (13.3 kB) (4.34 kB gzip)
2026-05-17T11:27:55.94942Z	  ├─ dist/_worker.js/chunks/build/index-BhmJF_Pr.mjs (8.54 kB) (2.75 kB gzip)
2026-05-17T11:27:55.949446Z	  ├─ dist/_worker.js/chunks/build/index-BrF6A-mM.mjs (3.35 kB) (1.44 kB gzip)
2026-05-17T11:27:55.949546Z	  ├─ dist/_worker.js/chunks/build/index-CDdXpxEM.mjs (16.6 kB) (4.5 kB gzip)
2026-05-17T11:27:55.949642Z	  ├─ dist/_worker.js/chunks/build/index-DGLgIOkl.mjs (12.7 kB) (3.01 kB gzip)
2026-05-17T11:27:55.949757Z	  ├─ dist/_worker.js/chunks/build/index-DpdftAHf.mjs (587 B) (374 B gzip)
2026-05-17T11:27:55.949819Z	  ├─ dist/_worker.js/chunks/build/index-DQLhp_1G.mjs (9.2 kB) (3.28 kB gzip)
2026-05-17T11:27:55.949878Z	  ├─ dist/_worker.js/chunks/build/index-RqGjxhF_.mjs (1.62 kB) (712 B gzip)
2026-05-17T11:27:55.949924Z	  ├─ dist/_worker.js/chunks/build/index-styles.B7-h1UEx.mjs (2 kB) (716 B gzip)
2026-05-17T11:27:55.949978Z	  ├─ dist/_worker.js/chunks/build/index-styles.BJivX-ur.mjs (7.73 kB) (1.72 kB gzip)
2026-05-17T11:27:55.950029Z	  ├─ dist/_worker.js/chunks/build/index-styles.HrUHmfSW.mjs (1.45 kB) (507 B gzip)
2026-05-17T11:27:55.950117Z	  ├─ dist/_worker.js/chunks/build/index-styles.WJVWLmrd.mjs (7.47 kB) (1.69 kB gzip)
2026-05-17T11:27:55.950216Z	  ├─ dist/_worker.js/chunks/build/nuxt-link-DIQogGGJ.mjs (4.49 kB) (1.57 kB gzip)
2026-05-17T11:27:55.95035Z	  ├─ dist/_worker.js/chunks/build/NuxtLinkLocale-KhRK_dGa.mjs (765 B) (447 B gzip)
2026-05-17T11:27:55.950398Z	  ├─ dist/_worker.js/chunks/build/play-BA5yXEGC.mjs (4.54 kB) (1.78 kB gzip)
2026-05-17T11:27:55.950439Z	  ├─ dist/_worker.js/chunks/build/play-styles-1.mjs-Hvp8ZrEd.mjs (1.4 kB) (503 B gzip)
2026-05-17T11:27:55.95049Z	  ├─ dist/_worker.js/chunks/build/play-styles-2.mjs-Vrneba6w.mjs (2.18 kB) (790 B gzip)
2026-05-17T11:27:55.950533Z	  ├─ dist/_worker.js/chunks/build/play-styles.BQgnonHS.mjs (142 B) (124 B gzip)
2026-05-17T11:27:55.950565Z	  ├─ dist/_worker.js/chunks/build/play-styles.UOXL-jNR.mjs (87 B) (100 B gzip)
2026-05-17T11:27:55.950596Z	  ├─ dist/_worker.js/chunks/build/QuizOption-styles.BNlFAkFA.mjs (87 B) (100 B gzip)
2026-05-17T11:27:55.95063Z	  ├─ dist/_worker.js/chunks/build/result-Cf1kJJp_.mjs (12 kB) (4.2 kB gzip)
2026-05-17T11:27:55.950671Z	  ├─ dist/_worker.js/chunks/build/result-Dn87iNfn.mjs (3.44 kB) (1.31 kB gzip)
2026-05-17T11:27:55.950716Z	  ├─ dist/_worker.js/chunks/build/result-styles.HzXlPjMh.mjs (3.09 kB) (963 B gzip)
2026-05-17T11:27:55.950762Z	  ├─ dist/_worker.js/chunks/build/server.mjs (242 kB) (76.9 kB gzip)
2026-05-17T11:27:55.950797Z	  ├─ dist/_worker.js/chunks/build/ShareButtons-DWcaijQ1.mjs (3.67 kB) (1.38 kB gzip)
2026-05-17T11:27:55.950843Z	  ├─ dist/_worker.js/chunks/build/ShareButtons-styles.C1XbHWYs.mjs (523 B) (303 B gzip)
2026-05-17T11:27:55.950901Z	  ├─ dist/_worker.js/chunks/build/styles.mjs (3.23 kB) (659 B gzip)
2026-05-17T11:27:55.950958Z	  ├─ dist/_worker.js/chunks/build/useFanCard-D9paGDAd.mjs (5.03 kB) (1.51 kB gzip)
2026-05-17T11:27:55.951009Z	  ├─ dist/_worker.js/chunks/build/useMatches-C9ji9oHT.mjs (689 B) (420 B gzip)
2026-05-17T11:27:55.951041Z	  ├─ dist/_worker.js/chunks/build/useQuiz-DbMUaK0n.mjs (31.3 kB) (8.79 kB gzip)
2026-05-17T11:27:55.951076Z	  ├─ dist/_worker.js/chunks/build/useTeams-CWpk_kHE.mjs (929 B) (393 B gzip)
2026-05-17T11:27:55.951124Z	  ├─ dist/_worker.js/chunks/build/zh-CmZTd-n8.mjs (24.2 kB) (6.17 kB gzip)
2026-05-17T11:27:55.951187Z	  ├─ dist/_worker.js/chunks/nitro/nitro.mjs (459 kB) (148 kB gzip)
2026-05-17T11:27:55.951254Z	  ├─ dist/_worker.js/chunks/routes/__sitemap__/_sitemap_.xml.mjs (193 B) (142 B gzip)
2026-05-17T11:27:55.951309Z	  ├─ dist/_worker.js/chunks/routes/api/index.get.mjs (1.13 kB) (607 B gzip)
2026-05-17T11:27:55.951372Z	  ├─ dist/_worker.js/chunks/routes/api/index.get2.mjs (587 B) (349 B gzip)
2026-05-17T11:27:55.95142Z	  ├─ dist/_worker.js/chunks/routes/api/index.get3.mjs (1.24 kB) (695 B gzip)
2026-05-17T11:27:55.951458Z	  ├─ dist/_worker.js/chunks/routes/api/index.get4.mjs (626 B) (428 B gzip)
2026-05-17T11:27:55.951496Z	  ├─ dist/_worker.js/chunks/routes/api/predictions/_matchId_.get.mjs (737 B) (433 B gzip)
2026-05-17T11:27:55.951555Z	  ├─ dist/_worker.js/chunks/routes/api/teams/_id_.get.mjs (805 B) (543 B gzip)
2026-05-17T11:27:55.951609Z	  ├─ dist/_worker.js/chunks/routes/renderer.mjs (43.1 kB) (14.5 kB gzip)
2026-05-17T11:27:55.951658Z	  ├─ dist/_worker.js/chunks/routes/sitemap_index.xml.mjs (190 B) (139 B gzip)
2026-05-17T11:27:55.9517Z	  ├─ dist/_worker.js/chunks/virtual/_virtual_spa-template.mjs (34 B) (54 B gzip)
2026-05-17T11:27:55.951744Z	  ├─ dist/_worker.js/chunks/virtual/child-sources.mjs (65 B) (76 B gzip)
2026-05-17T11:27:55.951797Z	  ├─ dist/_worker.js/chunks/virtual/global-sources.mjs (7.41 kB) (691 B gzip)
2026-05-17T11:27:55.951854Z	  └─ dist/_worker.js/index.js (217 B) (162 B gzip)
2026-05-17T11:27:55.951911Z	Σ Total size: 1.42 MB (412 kB gzip)
2026-05-17T11:27:55.952198Z	[info] Generated dist/_routes.json
2026-05-17T11:27:55.953738Z	[info] Generated dist/_headers
2026-05-17T11:27:55.954737Z	[info] Generated dist/_redirects
2026-05-17T11:27:55.95487Z	[success] [nitro] You can preview this build using `npx wrangler pages dev dist`
2026-05-17T11:27:55.95497Z	[success] [nitro] You can deploy this build using `npx wrangler pages deploy dist`
2026-05-17T11:27:55.955454Z	[log] │
2026-05-17T11:27:55.955596Z	└  ✨ Build complete!
2026-05-17T11:27:56.38747Z	Finished
2026-05-17T11:27:57.108248Z	Checking for configuration in a Wrangler configuration file (BETA)
2026-05-17T11:27:57.108721Z	
2026-05-17T11:27:57.108804Z	Found wrangler.toml file. Reading build configuration...
2026-05-17T11:27:57.113994Z	pages_build_output_dir: dist
2026-05-17T11:27:57.114132Z	Build environment variables: (none found)
2026-05-17T11:27:58.202441Z	Successfully read the Wrangler configuration file.
2026-05-17T11:27:58.203279Z	Found _worker.js in output directory. Uploading.
2026-05-17T11:27:58.2078Z	 ⛅️ wrangler 3.101.0
2026-05-17T11:27:58.20792Z	-------------------
2026-05-17T11:27:58.913476Z	
2026-05-17T11:27:58.991031Z	[31m✘ [41;31m[[41;97mERROR[41;31m][0m [1mThe `nodejs_compat` and `nodejs_compat_v2` compatibility flags cannot be used in together. Please select just one.[0m
2026-05-17T11:27:58.991409Z	
2026-05-17T11:27:58.991485Z	
2026-05-17T11:27:59.03415Z	🪵  Logs were written to "/root/.config/.wrangler/logs/wrangler-2026-05-17_11-27-58_685.log"
2026-05-17T11:27:59.142674Z	Failed building Pages Functions.
2026-05-17T11:27:59.94103Z	Failed: generating Pages Functions failed. Check the logs above for more information. If this continues for an unknown reason, contact support: https://cfl.re/3WgEyrH